<?xml version="1.0" encoding="UTF-8"?>
<!-- Generated by org.testng.reporters.JUnitReportReporter -->
<testsuite name="com.sqa.sb.BasicTest" tests="4" time="0.026" ignored="0" failures="0" timestamp="24 Jun 2017 23:31:07 GMT" skipped="0" hostname="DESKTOP-VBPI005" errors="0">
  <testcase name="myDataDrivenTest" time="0.009" classname="com.sqa.sb.BasicTest"/>
  <testcase name="myDataDrivenTest" time="0.008" classname="com.sqa.sb.BasicTest"/>
  <testcase name="myDataDrivenTest" time="0.003" classname="com.sqa.sb.BasicTest"/>
  <testcase name="myDataDrivenTest" time="0.006" classname="com.sqa.sb.BasicTest"/>
</testsuite> <!-- com.sqa.sb.BasicTest -->
